# Logfile created on 2014-01-09 14:41:56 +0000 by logger.rb/25413
I, [2014-01-09T14:41:56.233188 #32754]  INFO -- : 0:  rake (0.9.2.2) from /home/kenneth/.rvm/gems/ruby-1.9.2-p320/specifications/rake-0.9.2.2.gemspec
E, [2014-01-09T14:41:56.268412 #32754] ERROR -- : SignalException: SIGQUIT
/home/kenneth/.rvm/rubies/ruby-1.9.2-p320/lib/ruby/1.9.1/net/http.rb:644:in `initialize'  \n/home/kenneth/.rvm/rubies/ruby-1.9.2-p320/lib/ruby/1.9.1/net/http.rb:644:in `open'  \n/home/kenneth/.rvm/rubies/ruby-1.9.2-p320/lib/ruby/1.9.1/net/http.rb:644:in `block in connect'  \n/home/kenneth/.rvm/rubies/ruby-1.9.2-p320/lib/ruby/1.9.1/timeout.rb:44:in `timeout'  \n/home/kenneth/.rvm/rubies/ruby-1.9.2-p320/lib/ruby/1.9.1/timeout.rb:89:in `timeout'  \n/home/kenneth/.rvm/rubies/ruby-1.9.2-p320/lib/ruby/1.9.1/net/http.rb:644:in `connect'  \n/home/kenneth/.rvm/rubies/ruby-1.9.2-p320/lib/ruby/1.9.1/net/http.rb:637:in `do_start'  \n/home/kenneth/.rvm/rubies/ruby-1.9.2-p320/lib/ruby/1.9.1/net/http.rb:632:in `start'  \n/home/kenneth/.rvm/rubies/ruby-1.9.2-p320/lib/ruby/site_ruby/1.9.1/rubygems/request.rb:97:in `connection_for'  \n/home/kenneth/.rvm/rubies/ruby-1.9.2-p320/lib/ruby/site_ruby/1.9.1/rubygems/request.rb:122:in `fetch'  \n/home/kenneth/.rvm/rubies/ruby-1.9.2-p320/lib/ruby/site_ruby/1.9.1/rubygems/remote_fetcher.rb:329:in `request'  \n/home/kenneth/.rvm/rubies/ruby-1.9.2-p320/lib/ruby/site_ruby/1.9.1/rubygems/remote_fetcher.rb:223:in `fetch_http'  \n/home/kenneth/.rvm/rubies/ruby-1.9.2-p320/lib/ruby/site_ruby/1.9.1/rubygems/remote_fetcher.rb:258:in `fetch_path'  \n/home/kenneth/.rvm/rubies/ruby-1.9.2-p320/lib/ruby/site_ruby/1.9.1/rubygems/remote_fetcher.rb:291:in `cache_update_path'  \n/home/kenneth/.rvm/rubies/ruby-1.9.2-p320/lib/ruby/site_ruby/1.9.1/rubygems/remote_fetcher.rb:157:in `download'  \n/home/kenneth/.rvm/gems/ruby-1.9.2-p320/gems/bundler-1.5.1/lib/bundler/rubygems_integration.rb:511:in `download_gem'  \n/home/kenneth/.rvm/gems/ruby-1.9.2-p320/gems/bundler-1.5.1/lib/bundler/fetcher.rb:41:in `download_gem_from_uri'  \n/home/kenneth/.rvm/gems/ruby-1.9.2-p320/gems/bundler-1.5.1/lib/bundler/source/rubygems.rb:78:in `install'  \n/home/kenneth/.rvm/gems/ruby-1.9.2-p320/gems/bundler-1.5.1/lib/bundler/installer.rb:111:in `block in install_gem_from_spec'  \n/home/kenneth/.rvm/gems/ruby-1.9.2-p320/gems/bundler-1.5.1/lib/bundler/rubygems_integration.rb:150:in `with_build_args'  \n/home/kenneth/.rvm/gems/ruby-1.9.2-p320/gems/bundler-1.5.1/lib/bundler/installer.rb:110:in `install_gem_from_spec'  \n/home/kenneth/.rvm/gems/ruby-1.9.2-p320/gems/bundler-1.5.1/lib/bundler/installer.rb:295:in `block in install_sequentially'  \n/home/kenneth/.rvm/rubies/ruby-1.9.2-p320/lib/ruby/1.9.1/forwardable.rb:182:in `each'  \n/home/kenneth/.rvm/rubies/ruby-1.9.2-p320/lib/ruby/1.9.1/forwardable.rb:182:in `each'  \n/home/kenneth/.rvm/gems/ruby-1.9.2-p320/gems/bundler-1.5.1/lib/bundler/installer.rb:294:in `install_sequentially'  \n/home/kenneth/.rvm/gems/ruby-1.9.2-p320/gems/bundler-1.5.1/lib/bundler/installer.rb:97:in `run'  \n/home/kenneth/.rvm/gems/ruby-1.9.2-p320/gems/bundler-1.5.1/lib/bundler/installer.rb:15:in `install'  \n/home/kenneth/.rvm/gems/ruby-1.9.2-p320/gems/bundler-1.5.1/lib/bundler/cli.rb:257:in `install'  \n/home/kenneth/.rvm/gems/ruby-1.9.2-p320/gems/bundler-1.5.1/lib/bundler/vendor/thor/command.rb:27:in `run'  \n/home/kenneth/.rvm/gems/ruby-1.9.2-p320/gems/bundler-1.5.1/lib/bundler/vendor/thor/invocation.rb:120:in `invoke_command'  \n/home/kenneth/.rvm/gems/ruby-1.9.2-p320/gems/bundler-1.5.1/lib/bundler/vendor/thor.rb:363:in `dispatch'  \n/home/kenneth/.rvm/gems/ruby-1.9.2-p320/gems/bundler-1.5.1/lib/bundler/vendor/thor/base.rb:438:in `start'  \n/home/kenneth/.rvm/gems/ruby-1.9.2-p320/gems/bundler-1.5.1/lib/bundler/cli.rb:10:in `start'  \n/home/kenneth/.rvm/gems/ruby-1.9.2-p320/gems/bundler-1.5.1/bin/bundle:22:in `block in <top (required)>'  \n/home/kenneth/.rvm/gems/ruby-1.9.2-p320/gems/bundler-1.5.1/lib/bundler/friendly_errors.rb:5:in `with_friendly_errors'  \n/home/kenneth/.rvm/gems/ruby-1.9.2-p320/gems/bundler-1.5.1/bin/bundle:22:in `<top (required)>'  \n/home/kenneth/.rvm/gems/ruby-1.9.2-p320/bin/bundle:23:in `load'  \n/home/kenneth/.rvm/gems/ruby-1.9.2-p320/bin/bundle:23:in `<main>'  \n/home/kenneth/.rvm/gems/ruby-1.9.2-p320/bin/ruby_executable_hooks:15:in `eval'  \n/home/kenneth/.rvm/gems/ruby-1.9.2-p320/bin/ruby_executable_hooks:15:in `<main>'
I, [2014-01-09T14:44:59.072447 #374]  INFO -- : 0:  rake (0.9.2.2) from /home/kenneth/.rvm/gems/ruby-1.9.2-p320/specifications/rake-0.9.2.2.gemspec
I, [2014-01-09T14:44:59.073087 #374]  INFO -- : 0:  RedCloth (4.2.9) from /home/kenneth/.rvm/gems/ruby-1.9.2-p320/specifications/RedCloth-4.2.9.gemspec
I, [2014-01-09T14:45:00.665140 #374]  INFO -- : 0:  chunky_png (1.2.5) from /home/kenneth/.rvm/gems/ruby-1.9.2-p320/specifications/chunky_png-1.2.5.gemspec
I, [2014-01-09T14:45:02.366411 #374]  INFO -- : 0:  fast-stemmer (1.0.1) from /home/kenneth/.rvm/gems/ruby-1.9.2-p320/specifications/fast-stemmer-1.0.1.gemspec
I, [2014-01-09T14:45:03.425621 #374]  INFO -- : 0:  classifier (1.3.3) from /home/kenneth/.rvm/gems/ruby-1.9.2-p320/specifications/classifier-1.3.3.gemspec
I, [2014-01-09T14:45:04.527458 #374]  INFO -- : 0:  fssm (0.2.9) from /home/kenneth/.rvm/gems/ruby-1.9.2-p320/specifications/fssm-0.2.9.gemspec
I, [2014-01-09T14:45:06.046003 #374]  INFO -- : 0:  sass (3.2.9) from /home/kenneth/.rvm/gems/ruby-1.9.2-p320/specifications/sass-3.2.9.gemspec
I, [2014-01-09T14:45:08.980230 #374]  INFO -- : 0:  compass (0.12.2) from /home/kenneth/.rvm/gems/ruby-1.9.2-p320/specifications/compass-0.12.2.gemspec
I, [2014-01-09T14:45:10.014959 #374]  INFO -- : 0:  directory_watcher (1.4.1) from /home/kenneth/.rvm/gems/ruby-1.9.2-p320/specifications/directory_watcher-1.4.1.gemspec
I, [2014-01-09T14:45:11.777691 #374]  INFO -- : 0:  haml (3.1.7) from /home/kenneth/.rvm/gems/ruby-1.9.2-p320/specifications/haml-3.1.7.gemspec
I, [2014-01-09T14:45:13.405870 #374]  INFO -- : 0:  kramdown (0.13.8) from /home/kenneth/.rvm/gems/ruby-1.9.2-p320/specifications/kramdown-0.13.8.gemspec
I, [2014-01-09T14:45:14.573550 #374]  INFO -- : 0:  liquid (2.3.0) from /home/kenneth/.rvm/gems/ruby-1.9.2-p320/specifications/liquid-2.3.0.gemspec
I, [2014-01-09T14:45:15.568973 #374]  INFO -- : 0:  syntax (1.0.0) from /home/kenneth/.rvm/gems/ruby-1.9.2-p320/specifications/syntax-1.0.0.gemspec
I, [2014-01-09T14:45:16.920542 #374]  INFO -- : 0:  maruku (0.6.1) from /home/kenneth/.rvm/gems/ruby-1.9.2-p320/specifications/maruku-0.6.1.gemspec
I, [2014-01-09T14:45:18.380660 #374]  INFO -- : 0:  posix-spawn (0.3.6) from /home/kenneth/.rvm/gems/ruby-1.9.2-p320/specifications/posix-spawn-0.3.6.gemspec
I, [2014-01-09T14:45:21.785210 #374]  INFO -- : 0:  yajl-ruby (1.1.0) from /home/kenneth/.rvm/gems/ruby-1.9.2-p320/specifications/yajl-ruby-1.1.0.gemspec
I, [2014-01-09T14:45:24.355251 #374]  INFO -- : 0:  pygments.rb (0.3.4) from /home/kenneth/.rvm/gems/ruby-1.9.2-p320/specifications/pygments.rb-0.3.4.gemspec
I, [2014-01-09T14:45:25.523206 #374]  INFO -- : 0:  jekyll (0.12.0) from /home/kenneth/.rvm/gems/ruby-1.9.2-p320/specifications/jekyll-0.12.0.gemspec
I, [2014-01-09T14:45:26.942602 #374]  INFO -- : 0:  rack (1.5.2) from /home/kenneth/.rvm/gems/ruby-1.9.2-p320/specifications/rack-1.5.2.gemspec
I, [2014-01-09T14:45:28.018508 #374]  INFO -- : 0:  rack-protection (1.5.0) from /home/kenneth/.rvm/gems/ruby-1.9.2-p320/specifications/rack-protection-1.5.0.gemspec
I, [2014-01-09T14:45:29.185518 #374]  INFO -- : 0:  rb-fsevent (0.9.1) from /home/kenneth/.rvm/gems/ruby-1.9.2-p320/specifications/rb-fsevent-0.9.1.gemspec
E, [2014-01-09T14:45:31.045427 #374] ERROR -- : Gem::Ext::BuildError: ERROR: Failed to build gem native extension.

    /home/kenneth/.rvm/rubies/ruby-1.9.2-p320/bin/ruby extconf.rb 
checking for random()... yes
checking for srandom()... yes
checking for rand()... yes
checking for srand()... yes
checking size of unsigned long... long
checking size of unsigned int... int
no int with size 4
*** extconf.rb failed ***
Could not create Makefile due to some reason, probably lack of
necessary libraries and/or headers.  Check the mkmf.log file for more
details.  You may need configuration options.

Provided configuration options:
	--with-opt-dir
	--without-opt-dir
	--with-opt-include
	--without-opt-include=${opt-dir}/include
	--with-opt-lib
	--without-opt-lib=${opt-dir}/lib
	--with-make-prog
	--without-make-prog
	--srcdir=.
	--curdir
	--ruby=/home/kenneth/.rvm/rubies/ruby-1.9.2-p320/bin/ruby
	--with-rdiscount-dir
	--without-rdiscount-dir
	--with-rdiscount-include
	--without-rdiscount-include=${rdiscount-dir}/include
	--with-rdiscount-lib
	--without-rdiscount-lib=${rdiscount-dir}/lib

extconf failed, exit code 1

Gem files will remain installed in /home/kenneth/.rvm/gems/ruby-1.9.2-p320/gems/rdiscount-2.0.7.3 for inspection.
Results logged to /home/kenneth/.rvm/gems/ruby-1.9.2-p320/extensions/x86_64-linux/1.9.1/rdiscount-2.0.7.3/gem_make.out

/home/kenneth/.rvm/rubies/ruby-1.9.2-p320/lib/ruby/site_ruby/1.9.1/rubygems/ext/builder.rb:89:in `run'  \n/home/kenneth/.rvm/rubies/ruby-1.9.2-p320/lib/ruby/site_ruby/1.9.1/rubygems/ext/ext_conf_builder.rb:37:in `block in build'  \n/home/kenneth/.rvm/rubies/ruby-1.9.2-p320/lib/ruby/1.9.1/tempfile.rb:320:in `open'  \n/home/kenneth/.rvm/rubies/ruby-1.9.2-p320/lib/ruby/site_ruby/1.9.1/rubygems/ext/ext_conf_builder.rb:17:in `build'  \n/home/kenneth/.rvm/rubies/ruby-1.9.2-p320/lib/ruby/site_ruby/1.9.1/rubygems/ext/builder.rb:161:in `block (2 levels) in build_extension'  \n/home/kenneth/.rvm/rubies/ruby-1.9.2-p320/lib/ruby/site_ruby/1.9.1/rubygems/ext/builder.rb:160:in `chdir'  \n/home/kenneth/.rvm/rubies/ruby-1.9.2-p320/lib/ruby/site_ruby/1.9.1/rubygems/ext/builder.rb:160:in `block in build_extension'  \n<internal:prelude>:10:in `synchronize'  \n/home/kenneth/.rvm/rubies/ruby-1.9.2-p320/lib/ruby/site_ruby/1.9.1/rubygems/ext/builder.rb:159:in `build_extension'  \n/home/kenneth/.rvm/rubies/ruby-1.9.2-p320/lib/ruby/site_ruby/1.9.1/rubygems/ext/builder.rb:198:in `block in build_extensions'  \n/home/kenneth/.rvm/rubies/ruby-1.9.2-p320/lib/ruby/site_ruby/1.9.1/rubygems/ext/builder.rb:195:in `each'  \n/home/kenneth/.rvm/rubies/ruby-1.9.2-p320/lib/ruby/site_ruby/1.9.1/rubygems/ext/builder.rb:195:in `build_extensions'  \n/home/kenneth/.rvm/rubies/ruby-1.9.2-p320/lib/ruby/site_ruby/1.9.1/rubygems/installer.rb:677:in `build_extensions'  \n/home/kenneth/.rvm/rubies/ruby-1.9.2-p320/lib/ruby/site_ruby/1.9.1/rubygems/installer.rb:232:in `install'  \n/home/kenneth/.rvm/gems/ruby-1.9.2-p320/gems/bundler-1.5.1/lib/bundler/source/rubygems.rb:95:in `block in install'  \n/home/kenneth/.rvm/gems/ruby-1.9.2-p320/gems/bundler-1.5.1/lib/bundler/rubygems_integration.rb:118:in `preserve_paths'  \n/home/kenneth/.rvm/gems/ruby-1.9.2-p320/gems/bundler-1.5.1/lib/bundler/source/rubygems.rb:94:in `install'  \n/home/kenneth/.rvm/gems/ruby-1.9.2-p320/gems/bundler-1.5.1/lib/bundler/installer.rb:111:in `block in install_gem_from_spec'  \n/home/kenneth/.rvm/gems/ruby-1.9.2-p320/gems/bundler-1.5.1/lib/bundler/rubygems_integration.rb:150:in `with_build_args'  \n/home/kenneth/.rvm/gems/ruby-1.9.2-p320/gems/bundler-1.5.1/lib/bundler/installer.rb:110:in `install_gem_from_spec'  \n/home/kenneth/.rvm/gems/ruby-1.9.2-p320/gems/bundler-1.5.1/lib/bundler/installer.rb:295:in `block in install_sequentially'  \n/home/kenneth/.rvm/rubies/ruby-1.9.2-p320/lib/ruby/1.9.1/forwardable.rb:182:in `each'  \n/home/kenneth/.rvm/rubies/ruby-1.9.2-p320/lib/ruby/1.9.1/forwardable.rb:182:in `each'  \n/home/kenneth/.rvm/gems/ruby-1.9.2-p320/gems/bundler-1.5.1/lib/bundler/installer.rb:294:in `install_sequentially'  \n/home/kenneth/.rvm/gems/ruby-1.9.2-p320/gems/bundler-1.5.1/lib/bundler/installer.rb:97:in `run'  \n/home/kenneth/.rvm/gems/ruby-1.9.2-p320/gems/bundler-1.5.1/lib/bundler/installer.rb:15:in `install'  \n/home/kenneth/.rvm/gems/ruby-1.9.2-p320/gems/bundler-1.5.1/lib/bundler/cli.rb:257:in `install'  \n/home/kenneth/.rvm/gems/ruby-1.9.2-p320/gems/bundler-1.5.1/lib/bundler/vendor/thor/command.rb:27:in `run'  \n/home/kenneth/.rvm/gems/ruby-1.9.2-p320/gems/bundler-1.5.1/lib/bundler/vendor/thor/invocation.rb:120:in `invoke_command'  \n/home/kenneth/.rvm/gems/ruby-1.9.2-p320/gems/bundler-1.5.1/lib/bundler/vendor/thor.rb:363:in `dispatch'  \n/home/kenneth/.rvm/gems/ruby-1.9.2-p320/gems/bundler-1.5.1/lib/bundler/vendor/thor/base.rb:438:in `start'  \n/home/kenneth/.rvm/gems/ruby-1.9.2-p320/gems/bundler-1.5.1/lib/bundler/cli.rb:10:in `start'  \n/home/kenneth/.rvm/gems/ruby-1.9.2-p320/gems/bundler-1.5.1/bin/bundle:22:in `block in <top (required)>'  \n/home/kenneth/.rvm/gems/ruby-1.9.2-p320/gems/bundler-1.5.1/lib/bundler/friendly_errors.rb:5:in `with_friendly_errors'  \n/home/kenneth/.rvm/gems/ruby-1.9.2-p320/gems/bundler-1.5.1/bin/bundle:22:in `<top (required)>'  \n/home/kenneth/.rvm/gems/ruby-1.9.2-p320/bin/bundle:23:in `load'  \n/home/kenneth/.rvm/gems/ruby-1.9.2-p320/bin/bundle:23:in `<main>'  \n/home/kenneth/.rvm/gems/ruby-1.9.2-p320/bin/ruby_executable_hooks:15:in `eval'  \n/home/kenneth/.rvm/gems/ruby-1.9.2-p320/bin/ruby_executable_hooks:15:in `<main>'
I, [2014-01-09T14:53:46.789888 #1123]  INFO -- : 0:  rake (0.9.2.2) from /home/kenneth/.rvm/gems/ruby-1.9.2-p320/specifications/rake-0.9.2.2.gemspec
I, [2014-01-09T14:53:46.790531 #1123]  INFO -- : 0:  RedCloth (4.2.9) from /home/kenneth/.rvm/gems/ruby-1.9.2-p320/specifications/RedCloth-4.2.9.gemspec
I, [2014-01-09T14:53:46.791043 #1123]  INFO -- : 0:  chunky_png (1.2.5) from /home/kenneth/.rvm/gems/ruby-1.9.2-p320/specifications/chunky_png-1.2.5.gemspec
I, [2014-01-09T14:53:46.791507 #1123]  INFO -- : 0:  fast-stemmer (1.0.1) from /home/kenneth/.rvm/gems/ruby-1.9.2-p320/specifications/fast-stemmer-1.0.1.gemspec
I, [2014-01-09T14:53:46.791990 #1123]  INFO -- : 0:  classifier (1.3.3) from /home/kenneth/.rvm/gems/ruby-1.9.2-p320/specifications/classifier-1.3.3.gemspec
I, [2014-01-09T14:53:46.792451 #1123]  INFO -- : 0:  fssm (0.2.9) from /home/kenneth/.rvm/gems/ruby-1.9.2-p320/specifications/fssm-0.2.9.gemspec
I, [2014-01-09T14:53:46.792932 #1123]  INFO -- : 0:  sass (3.2.9) from /home/kenneth/.rvm/gems/ruby-1.9.2-p320/specifications/sass-3.2.9.gemspec
I, [2014-01-09T14:53:46.793399 #1123]  INFO -- : 0:  compass (0.12.2) from /home/kenneth/.rvm/gems/ruby-1.9.2-p320/specifications/compass-0.12.2.gemspec
I, [2014-01-09T14:53:46.793888 #1123]  INFO -- : 0:  directory_watcher (1.4.1) from /home/kenneth/.rvm/gems/ruby-1.9.2-p320/specifications/directory_watcher-1.4.1.gemspec
I, [2014-01-09T14:53:46.794359 #1123]  INFO -- : 0:  haml (3.1.7) from /home/kenneth/.rvm/gems/ruby-1.9.2-p320/specifications/haml-3.1.7.gemspec
I, [2014-01-09T14:53:46.794834 #1123]  INFO -- : 0:  kramdown (0.13.8) from /home/kenneth/.rvm/gems/ruby-1.9.2-p320/specifications/kramdown-0.13.8.gemspec
I, [2014-01-09T14:53:46.795302 #1123]  INFO -- : 0:  liquid (2.3.0) from /home/kenneth/.rvm/gems/ruby-1.9.2-p320/specifications/liquid-2.3.0.gemspec
I, [2014-01-09T14:53:46.795765 #1123]  INFO -- : 0:  syntax (1.0.0) from /home/kenneth/.rvm/gems/ruby-1.9.2-p320/specifications/syntax-1.0.0.gemspec
I, [2014-01-09T14:53:46.796231 #1123]  INFO -- : 0:  maruku (0.6.1) from /home/kenneth/.rvm/gems/ruby-1.9.2-p320/specifications/maruku-0.6.1.gemspec
I, [2014-01-09T14:53:46.796667 #1123]  INFO -- : 0:  posix-spawn (0.3.6) from /home/kenneth/.rvm/gems/ruby-1.9.2-p320/specifications/posix-spawn-0.3.6.gemspec
I, [2014-01-09T14:53:46.797142 #1123]  INFO -- : 0:  yajl-ruby (1.1.0) from /home/kenneth/.rvm/gems/ruby-1.9.2-p320/specifications/yajl-ruby-1.1.0.gemspec
I, [2014-01-09T14:53:46.797586 #1123]  INFO -- : 0:  pygments.rb (0.3.4) from /home/kenneth/.rvm/gems/ruby-1.9.2-p320/specifications/pygments.rb-0.3.4.gemspec
I, [2014-01-09T14:53:46.798050 #1123]  INFO -- : 0:  jekyll (0.12.0) from /home/kenneth/.rvm/gems/ruby-1.9.2-p320/specifications/jekyll-0.12.0.gemspec
I, [2014-01-09T14:53:46.798496 #1123]  INFO -- : 0:  rack (1.5.2) from /home/kenneth/.rvm/gems/ruby-1.9.2-p320/specifications/rack-1.5.2.gemspec
I, [2014-01-09T14:53:46.798965 #1123]  INFO -- : 0:  rack-protection (1.5.0) from /home/kenneth/.rvm/gems/ruby-1.9.2-p320/specifications/rack-protection-1.5.0.gemspec
I, [2014-01-09T14:53:46.799419 #1123]  INFO -- : 0:  rb-fsevent (0.9.1) from /home/kenneth/.rvm/gems/ruby-1.9.2-p320/specifications/rb-fsevent-0.9.1.gemspec
E, [2014-01-09T14:53:47.606446 #1123] ERROR -- : Gem::Ext::BuildError: ERROR: Failed to build gem native extension.

    /home/kenneth/.rvm/rubies/ruby-1.9.2-p320/bin/ruby extconf.rb 
checking for random()... yes
checking for srandom()... yes
checking for rand()... yes
checking for srand()... yes
checking size of unsigned long... long
checking size of unsigned int... int
no int with size 4
*** extconf.rb failed ***
Could not create Makefile due to some reason, probably lack of
necessary libraries and/or headers.  Check the mkmf.log file for more
details.  You may need configuration options.

Provided configuration options:
	--with-opt-dir
	--without-opt-dir
	--with-opt-include
	--without-opt-include=${opt-dir}/include
	--with-opt-lib
	--without-opt-lib=${opt-dir}/lib
	--with-make-prog
	--without-make-prog
	--srcdir=.
	--curdir
	--ruby=/home/kenneth/.rvm/rubies/ruby-1.9.2-p320/bin/ruby
	--with-rdiscount-dir
	--without-rdiscount-dir
	--with-rdiscount-include
	--without-rdiscount-include=${rdiscount-dir}/include
	--with-rdiscount-lib
	--without-rdiscount-lib=${rdiscount-dir}/lib

extconf failed, exit code 1

Gem files will remain installed in /home/kenneth/.rvm/gems/ruby-1.9.2-p320/gems/rdiscount-2.0.7.3 for inspection.
Results logged to /home/kenneth/.rvm/gems/ruby-1.9.2-p320/extensions/x86_64-linux/1.9.1/rdiscount-2.0.7.3/gem_make.out

/home/kenneth/.rvm/rubies/ruby-1.9.2-p320/lib/ruby/site_ruby/1.9.1/rubygems/ext/builder.rb:89:in `run'  \n/home/kenneth/.rvm/rubies/ruby-1.9.2-p320/lib/ruby/site_ruby/1.9.1/rubygems/ext/ext_conf_builder.rb:37:in `block in build'  \n/home/kenneth/.rvm/rubies/ruby-1.9.2-p320/lib/ruby/1.9.1/tempfile.rb:320:in `open'  \n/home/kenneth/.rvm/rubies/ruby-1.9.2-p320/lib/ruby/site_ruby/1.9.1/rubygems/ext/ext_conf_builder.rb:17:in `build'  \n/home/kenneth/.rvm/rubies/ruby-1.9.2-p320/lib/ruby/site_ruby/1.9.1/rubygems/ext/builder.rb:161:in `block (2 levels) in build_extension'  \n/home/kenneth/.rvm/rubies/ruby-1.9.2-p320/lib/ruby/site_ruby/1.9.1/rubygems/ext/builder.rb:160:in `chdir'  \n/home/kenneth/.rvm/rubies/ruby-1.9.2-p320/lib/ruby/site_ruby/1.9.1/rubygems/ext/builder.rb:160:in `block in build_extension'  \n<internal:prelude>:10:in `synchronize'  \n/home/kenneth/.rvm/rubies/ruby-1.9.2-p320/lib/ruby/site_ruby/1.9.1/rubygems/ext/builder.rb:159:in `build_extension'  \n/home/kenneth/.rvm/rubies/ruby-1.9.2-p320/lib/ruby/site_ruby/1.9.1/rubygems/ext/builder.rb:198:in `block in build_extensions'  \n/home/kenneth/.rvm/rubies/ruby-1.9.2-p320/lib/ruby/site_ruby/1.9.1/rubygems/ext/builder.rb:195:in `each'  \n/home/kenneth/.rvm/rubies/ruby-1.9.2-p320/lib/ruby/site_ruby/1.9.1/rubygems/ext/builder.rb:195:in `build_extensions'  \n/home/kenneth/.rvm/rubies/ruby-1.9.2-p320/lib/ruby/site_ruby/1.9.1/rubygems/installer.rb:677:in `build_extensions'  \n/home/kenneth/.rvm/rubies/ruby-1.9.2-p320/lib/ruby/site_ruby/1.9.1/rubygems/installer.rb:232:in `install'  \n/home/kenneth/.rvm/gems/ruby-1.9.2-p320/gems/bundler-1.5.1/lib/bundler/source/rubygems.rb:95:in `block in install'  \n/home/kenneth/.rvm/gems/ruby-1.9.2-p320/gems/bundler-1.5.1/lib/bundler/rubygems_integration.rb:118:in `preserve_paths'  \n/home/kenneth/.rvm/gems/ruby-1.9.2-p320/gems/bundler-1.5.1/lib/bundler/source/rubygems.rb:94:in `install'  \n/home/kenneth/.rvm/gems/ruby-1.9.2-p320/gems/bundler-1.5.1/lib/bundler/installer.rb:111:in `block in install_gem_from_spec'  \n/home/kenneth/.rvm/gems/ruby-1.9.2-p320/gems/bundler-1.5.1/lib/bundler/rubygems_integration.rb:150:in `with_build_args'  \n/home/kenneth/.rvm/gems/ruby-1.9.2-p320/gems/bundler-1.5.1/lib/bundler/installer.rb:110:in `install_gem_from_spec'  \n/home/kenneth/.rvm/gems/ruby-1.9.2-p320/gems/bundler-1.5.1/lib/bundler/installer.rb:295:in `block in install_sequentially'  \n/home/kenneth/.rvm/rubies/ruby-1.9.2-p320/lib/ruby/1.9.1/forwardable.rb:182:in `each'  \n/home/kenneth/.rvm/rubies/ruby-1.9.2-p320/lib/ruby/1.9.1/forwardable.rb:182:in `each'  \n/home/kenneth/.rvm/gems/ruby-1.9.2-p320/gems/bundler-1.5.1/lib/bundler/installer.rb:294:in `install_sequentially'  \n/home/kenneth/.rvm/gems/ruby-1.9.2-p320/gems/bundler-1.5.1/lib/bundler/installer.rb:97:in `run'  \n/home/kenneth/.rvm/gems/ruby-1.9.2-p320/gems/bundler-1.5.1/lib/bundler/installer.rb:15:in `install'  \n/home/kenneth/.rvm/gems/ruby-1.9.2-p320/gems/bundler-1.5.1/lib/bundler/cli.rb:257:in `install'  \n/home/kenneth/.rvm/gems/ruby-1.9.2-p320/gems/bundler-1.5.1/lib/bundler/vendor/thor/command.rb:27:in `run'  \n/home/kenneth/.rvm/gems/ruby-1.9.2-p320/gems/bundler-1.5.1/lib/bundler/vendor/thor/invocation.rb:120:in `invoke_command'  \n/home/kenneth/.rvm/gems/ruby-1.9.2-p320/gems/bundler-1.5.1/lib/bundler/vendor/thor.rb:363:in `dispatch'  \n/home/kenneth/.rvm/gems/ruby-1.9.2-p320/gems/bundler-1.5.1/lib/bundler/vendor/thor/base.rb:438:in `start'  \n/home/kenneth/.rvm/gems/ruby-1.9.2-p320/gems/bundler-1.5.1/lib/bundler/cli.rb:10:in `start'  \n/home/kenneth/.rvm/gems/ruby-1.9.2-p320/gems/bundler-1.5.1/bin/bundle:22:in `block in <top (required)>'  \n/home/kenneth/.rvm/gems/ruby-1.9.2-p320/gems/bundler-1.5.1/lib/bundler/friendly_errors.rb:5:in `with_friendly_errors'  \n/home/kenneth/.rvm/gems/ruby-1.9.2-p320/gems/bundler-1.5.1/bin/bundle:22:in `<top (required)>'  \n/home/kenneth/.rvm/gems/ruby-1.9.2-p320/bin/bundle:23:in `load'  \n/home/kenneth/.rvm/gems/ruby-1.9.2-p320/bin/bundle:23:in `<main>'  \n/home/kenneth/.rvm/gems/ruby-1.9.2-p320/bin/ruby_executable_hooks:15:in `eval'  \n/home/kenneth/.rvm/gems/ruby-1.9.2-p320/bin/ruby_executable_hooks:15:in `<main>'
I, [2014-01-13T18:08:40.334524 #25374]  INFO -- : 0:  rake (0.9.2.2) from /home/kenneth/.rvm/gems/ruby-1.9.2-p320/specifications/rake-0.9.2.2.gemspec
I, [2014-01-13T18:08:40.343799 #25374]  INFO -- : 0:  RedCloth (4.2.9) from /home/kenneth/.rvm/gems/ruby-1.9.2-p320/specifications/RedCloth-4.2.9.gemspec
I, [2014-01-13T18:08:40.344826 #25374]  INFO -- : 0:  chunky_png (1.2.5) from /home/kenneth/.rvm/gems/ruby-1.9.2-p320/specifications/chunky_png-1.2.5.gemspec
I, [2014-01-13T18:08:40.345843 #25374]  INFO -- : 0:  fast-stemmer (1.0.1) from /home/kenneth/.rvm/gems/ruby-1.9.2-p320/specifications/fast-stemmer-1.0.1.gemspec
I, [2014-01-13T18:08:40.346261 #25374]  INFO -- : 0:  classifier (1.3.3) from /home/kenneth/.rvm/gems/ruby-1.9.2-p320/specifications/classifier-1.3.3.gemspec
I, [2014-01-13T18:08:40.346586 #25374]  INFO -- : 0:  fssm (0.2.9) from /home/kenneth/.rvm/gems/ruby-1.9.2-p320/specifications/fssm-0.2.9.gemspec
I, [2014-01-13T18:08:40.347646 #25374]  INFO -- : 0:  sass (3.2.9) from /home/kenneth/.rvm/gems/ruby-1.9.2-p320/specifications/sass-3.2.9.gemspec
I, [2014-01-13T18:08:40.348636 #25374]  INFO -- : 0:  compass (0.12.2) from /home/kenneth/.rvm/gems/ruby-1.9.2-p320/specifications/compass-0.12.2.gemspec
I, [2014-01-13T18:08:40.349619 #25374]  INFO -- : 0:  directory_watcher (1.4.1) from /home/kenneth/.rvm/gems/ruby-1.9.2-p320/specifications/directory_watcher-1.4.1.gemspec
I, [2014-01-13T18:08:40.350628 #25374]  INFO -- : 0:  haml (3.1.7) from /home/kenneth/.rvm/gems/ruby-1.9.2-p320/specifications/haml-3.1.7.gemspec
I, [2014-01-13T18:08:40.351614 #25374]  INFO -- : 0:  kramdown (0.13.8) from /home/kenneth/.rvm/gems/ruby-1.9.2-p320/specifications/kramdown-0.13.8.gemspec
I, [2014-01-13T18:08:40.352560 #25374]  INFO -- : 0:  liquid (2.3.0) from /home/kenneth/.rvm/gems/ruby-1.9.2-p320/specifications/liquid-2.3.0.gemspec
I, [2014-01-13T18:08:40.353127 #25374]  INFO -- : 0:  syntax (1.0.0) from /home/kenneth/.rvm/gems/ruby-1.9.2-p320/specifications/syntax-1.0.0.gemspec
I, [2014-01-13T18:08:40.353453 #25374]  INFO -- : 0:  maruku (0.6.1) from /home/kenneth/.rvm/gems/ruby-1.9.2-p320/specifications/maruku-0.6.1.gemspec
I, [2014-01-13T18:08:40.353805 #25374]  INFO -- : 0:  posix-spawn (0.3.6) from /home/kenneth/.rvm/gems/ruby-1.9.2-p320/specifications/posix-spawn-0.3.6.gemspec
I, [2014-01-13T18:08:40.354143 #25374]  INFO -- : 0:  yajl-ruby (1.1.0) from /home/kenneth/.rvm/gems/ruby-1.9.2-p320/specifications/yajl-ruby-1.1.0.gemspec
I, [2014-01-13T18:08:40.354475 #25374]  INFO -- : 0:  pygments.rb (0.3.4) from /home/kenneth/.rvm/gems/ruby-1.9.2-p320/specifications/pygments.rb-0.3.4.gemspec
I, [2014-01-13T18:08:40.354846 #25374]  INFO -- : 0:  jekyll (0.12.0) from /home/kenneth/.rvm/gems/ruby-1.9.2-p320/specifications/jekyll-0.12.0.gemspec
I, [2014-01-13T18:08:40.355215 #25374]  INFO -- : 0:  rack (1.5.2) from /home/kenneth/.rvm/gems/ruby-1.9.2-p320/specifications/rack-1.5.2.gemspec
I, [2014-01-13T18:08:40.355546 #25374]  INFO -- : 0:  rack-protection (1.5.0) from /home/kenneth/.rvm/gems/ruby-1.9.2-p320/specifications/rack-protection-1.5.0.gemspec
I, [2014-01-13T18:08:40.355944 #25374]  INFO -- : 0:  rb-fsevent (0.9.1) from /home/kenneth/.rvm/gems/ruby-1.9.2-p320/specifications/rb-fsevent-0.9.1.gemspec
I, [2014-01-13T18:08:46.011387 #25374]  INFO -- : 0:  rdiscount (2.0.7.3) from /home/kenneth/.rvm/gems/ruby-1.9.2-p320/specifications/rdiscount-2.0.7.3.gemspec
I, [2014-01-13T18:08:47.087757 #25374]  INFO -- : 0:  rubypants (0.2.0) from /home/kenneth/.rvm/gems/ruby-1.9.2-p320/specifications/rubypants-0.2.0.gemspec
I, [2014-01-13T18:08:48.038760 #25374]  INFO -- : 0:  sass-globbing (1.0.0) from /home/kenneth/.rvm/gems/ruby-1.9.2-p320/specifications/sass-globbing-1.0.0.gemspec
I, [2014-01-13T18:08:49.198891 #25374]  INFO -- : 0:  tilt (1.3.7) from /home/kenneth/.rvm/gems/ruby-1.9.2-p320/specifications/tilt-1.3.7.gemspec
I, [2014-01-13T18:08:50.583536 #25374]  INFO -- : 0:  sinatra (1.4.2) from /home/kenneth/.rvm/gems/ruby-1.9.2-p320/specifications/sinatra-1.4.2.gemspec
I, [2014-01-13T18:08:51.768281 #25374]  INFO -- : 0:  stringex (1.4.0) from /home/kenneth/.rvm/gems/ruby-1.9.2-p320/specifications/stringex-1.4.0.gemspec
I, [2014-01-13T18:08:51.769514 #25374]  INFO -- : 0:  bundler (1.5.1) from /home/kenneth/.rvm/gems/ruby-1.9.2-p320/specifications/bundler-1.5.1.gemspec
